<?xml version="1.0" encoding="UTF-8"?>
<testng-results ignored="0" total="2" passed="1" failed="1" skipped="0">
  <reporter-output>
  </reporter-output>
  <suite started-at="2022-07-11T16:22:16 IST" name="Default suite" finished-at="2022-07-11T16:23:08 IST" duration-ms="51997">
    <groups>
    </groups>
    <test started-at="2022-07-11T16:22:16 IST" name="Default test" finished-at="2022-07-11T16:23:08 IST" duration-ms="51997">
      <class name="test.HomePageTestListners">
        <test-method is-config="true" signature="OpenBrowserZerodha()[pri:0, instance:test.HomePageTestListners@7334aada]" started-at="2022-07-11T16:22:16 IST" name="OpenBrowserZerodha" finished-at="2022-07-11T16:22:45 IST" duration-ms="29027" status="PASS">
          <reporter-output>
          </reporter-output>
        </test-method> <!-- OpenBrowserZerodha -->
        <test-method signature="BuyShare()[pri:0, instance:test.HomePageTestListners@7334aada]" started-at="2022-07-11T16:22:45 IST" name="BuyShare" finished-at="2022-07-11T16:22:45 IST" duration-ms="698" status="PASS">
          <reporter-output>
          </reporter-output>
        </test-method> <!-- BuyShare -->
        <test-method is-config="true" signature="OpenBrowserZerodha()[pri:0, instance:test.HomePageTestListners@7334aada]" started-at="2022-07-11T16:22:45 IST" name="OpenBrowserZerodha" finished-at="2022-07-11T16:23:02 IST" duration-ms="17000" status="PASS">
          <reporter-output>
          </reporter-output>
        </test-method> <!-- OpenBrowserZerodha -->
        <test-method signature="test()[pri:0, instance:test.HomePageTestListners@7334aada]" started-at="2022-07-11T16:23:02 IST" name="test" finished-at="2022-07-11T16:23:07 IST" duration-ms="5007" status="FAIL">
          <exception class="org.testng.internal.thread.ThreadTimeoutException">
            <message>
              <![CDATA[Method test.HomePageTestListners.test() didn't finish within the time-out 5000]]>
            </message>
            <full-stacktrace>
              <![CDATA[org.testng.internal.thread.ThreadTimeoutException: Method test.HomePageTestListners.test() didn't finish within the time-out 5000
at org.testng.internal.MethodInvocationHelper.invokeWithTimeoutWithNewExecutor(MethodInvocationHelper.java:384)
at org.testng.internal.MethodInvocationHelper.invokeWithTimeout(MethodInvocationHelper.java:283)
at org.testng.internal.TestInvoker.invokeMethod(TestInvoker.java:604)
at org.testng.internal.TestInvoker.invokeTestMethod(TestInvoker.java:173)
at org.testng.internal.MethodRunner.runInSequence(MethodRunner.java:46)
at org.testng.internal.TestInvoker$MethodInvocationAgent.invoke(TestInvoker.java:824)
at org.testng.internal.TestInvoker.invokeTestMethods(TestInvoker.java:146)
at org.testng.internal.TestMethodWorker.invokeTestMethods(TestMethodWorker.java:146)
at org.testng.internal.TestMethodWorker.run(TestMethodWorker.java:128)
at java.base/java.util.ArrayList.forEach(ArrayList.java:1511)
at org.testng.TestRunner.privateRun(TestRunner.java:794)
at org.testng.TestRunner.run(TestRunner.java:596)
at org.testng.SuiteRunner.runTest(SuiteRunner.java:377)
at org.testng.SuiteRunner.runSequentially(SuiteRunner.java:371)
at org.testng.SuiteRunner.privateRun(SuiteRunner.java:332)
at org.testng.SuiteRunner.run(SuiteRunner.java:276)
at org.testng.SuiteRunnerWorker.runSuite(SuiteRunnerWorker.java:53)
at org.testng.SuiteRunnerWorker.run(SuiteRunnerWorker.java:96)
at org.testng.TestNG.runSuitesSequentially(TestNG.java:1212)
at org.testng.TestNG.runSuitesLocally(TestNG.java:1134)
at org.testng.TestNG.runSuites(TestNG.java:1063)
at org.testng.TestNG.run(TestNG.java:1031)
at org.testng.remote.AbstractRemoteTestNG.run(AbstractRemoteTestNG.java:115)
at org.testng.remote.RemoteTestNG.initAndRun(RemoteTestNG.java:251)
at org.testng.remote.RemoteTestNG.main(RemoteTestNG.java:77)
]]>
            </full-stacktrace>
          </exception> <!-- org.testng.internal.thread.ThreadTimeoutException -->
          <reporter-output>
          </reporter-output>
        </test-method> <!-- test -->
      </class> <!-- test.HomePageTestListners -->
    </test> <!-- Default test -->
  </suite> <!-- Default suite -->
</testng-results>
